<?xml version="1.0" encoding="UTF-8"?>
<!-- Generated by org.testng.reporters.JUnitReportReporter -->
<testsuite hostname="1SMTKJ2" failures="0" tests="2" name="Login_Page.AsianUserSystem" time="33.439" errors="0" timestamp="05 Sep 2022 18:18:44 GMT" skipped="0">
  <testcase classname="Login_Page.AsianUserSystem" name="loginTest1" time="18.029"/>
  <testcase classname="Login_Page.AsianUserSystem" name="loginTest2" time="15.410"/>
</testsuite> <!-- Login_Page.AsianUserSystem -->
