<?xml version="1.0" encoding="UTF-8"?>
<!-- Generated by org.testng.reporters.JUnitReportReporter -->
<testsuite hostname="1SMTKJ2" failures="0" tests="3" name="package1.FirstScript" time="22.748" errors="0" timestamp="2022-01-28T00:04:38 IST" skipped="0">
  <testcase classname="package1.FirstScript" name="verifyGoogletitle" time="5.532"/>
  <system-out/>
  <testcase classname="package1.FirstScript" name="verifyYahootitle" time="11.278"/>
  <system-out/>
  <testcase classname="package1.FirstScript" name="verifyGcreddyadmintitle" time="5.938"/>
  <system-out/>
</testsuite> <!-- package1.FirstScript -->
