<?xml version="1.0" encoding="UTF-8"?>
<!-- Generated by org.testng.reporters.JUnitReportReporter -->
<testsuite hostname="1SMTKJ2" failures="0" tests="3" name="SDET_QA.ExtentReport4" time="19.683" errors="0" timestamp="07 Feb 2022 08:07:56 GMT" skipped="0">
  <testcase classname="SDET_QA.ExtentReport4" name="noCommerceTitleTest" time="5.895"/>
  <testcase classname="SDET_QA.ExtentReport4" name="noCommerceLoginTest" time="6.264"/>
  <testcase classname="SDET_QA.ExtentReport4" name="noCommerceLogoTest" time="7.524"/>
</testsuite> <!-- SDET_QA.ExtentReport4 -->
