<?xml version="1.0" encoding="UTF-8"?>
<!-- Generated by org.testng.reporters.JUnitReportReporter -->
<testsuite hostname="DESKTOP-1B7KEIJ" failures="0" tests="1" name="com.inetbanking.testCases.TC_LoginTest_001" time="3.072" errors="0" timestamp="21 Jan 2022 08:11:34 GMT" skipped="0">
  <testcase classname="com.inetbanking.testCases.TC_LoginTest_001" name="loginTest" time="3.072"/>
</testsuite> <!-- com.inetbanking.testCases.TC_LoginTest_001 -->
