<?xml version="1.0" encoding="UTF-8"?>
<!-- Generated by org.testng.reporters.JUnitReportReporter -->
<testsuite hostname="1SMTKJ2" failures="0" tests="2" name="com.qa.hubspot.tests.LoginPageTest" time="21.426" errors="0" timestamp="2022-02-21T12:02:14 IST" skipped="0">
  <testcase classname="com.qa.hubspot.tests.LoginPageTest" name="verifyLoginPageTitleTest" time="12.664"/>
  <system-out/>
  <testcase classname="com.qa.hubspot.tests.LoginPageTest" name="loginTest" time="8.762"/>
  <system-out/>
</testsuite> <!-- com.qa.hubspot.tests.LoginPageTest -->
