<?xml version="1.0" encoding="UTF-8"?>
<!-- Generated by org.testng.reporters.JUnitReportReporter -->
<testsuite hostname="DESKTOP-1B7KEIJ" failures="0" tests="2" name="ParallelTesting.ParallelTest1" time="35.429" errors="0" timestamp="2022-01-14T00:07:18 IST" skipped="0">
  <testcase classname="ParallelTesting.ParallelTest1" name="logoTest" time="18.032"/>
  <system-out/>
  <testcase classname="ParallelTesting.ParallelTest1" name="homePageTitle" time="17.397"/>
  <system-out/>
</testsuite> <!-- ParallelTesting.ParallelTest1 -->
