<?xml version="1.0" encoding="UTF-8"?>
<!-- Generated by org.testng.reporters.JUnitReportReporter -->
<testsuite hostname="DESKTOP-1B7KEIJ" failures="0" tests="1" name="ParallelTesting.ParallelTest2" time="24.286" errors="0" timestamp="2022-01-14T00:07:18 IST" skipped="0">
  <testcase classname="ParallelTesting.ParallelTest2" name="LoginTest" time="24.286"/>
  <system-out/>
</testsuite> <!-- ParallelTesting.ParallelTest2 -->
