<?xml version="1.0" encoding="UTF-8"?>
<!-- Generated by org.testng.reporters.JUnitReportReporter -->
<testsuite hostname="1SMTKJ2" failures="0" tests="1" name="SeleniumSessions.ExceptionTimeOutTest" time="0.010" errors="0" timestamp="2022-01-29T12:53:06 IST" skipped="0">
  <testcase classname="SeleniumSessions.ExceptionTimeOutTest" name="test1" time="0.010"/>
  <system-out/>
</testsuite> <!-- SeleniumSessions.ExceptionTimeOutTest -->
