<?xml version="1.0" encoding="UTF-8"?>
<!-- Generated by org.testng.reporters.JUnitReportReporter -->
<testsuite hostname="1SMTKJ2" failures="0" tests="4" name="SeleniumSessions.TestNGFeatures" time="0.006" errors="0" timestamp="2022-01-29T12:53:06 IST" skipped="0">
  <testcase classname="SeleniumSessions.TestNGFeatures" name="RegistrationPageTest" time="0.001"/>
  <system-out/>
  <testcase classname="SeleniumSessions.TestNGFeatures" name="HomePageTest" time="0.002"/>
  <system-out/>
  <testcase classname="SeleniumSessions.TestNGFeatures" name="loginTest" time="0.002"/>
  <system-out/>
  <testcase classname="SeleniumSessions.TestNGFeatures" name="SearchPageTest" time="0.001"/>
  <system-out/>
</testsuite> <!-- SeleniumSessions.TestNGFeatures -->
