<?xml version="1.0" encoding="UTF-8"?>
<!-- Generated by org.testng.reporters.JUnitReportReporter -->
<testsuite hostname="1SMTKJ2" failures="0" tests="10" name="SeleniumSessions.InvocationCountTest" time="0.025" errors="0" timestamp="2022-01-29T12:53:06 IST" skipped="0">
  <testcase classname="SeleniumSessions.InvocationCountTest" name="some" time="0.001"/>
  <system-out/>
  <testcase classname="SeleniumSessions.InvocationCountTest" name="some" time="0.004"/>
  <system-out/>
  <testcase classname="SeleniumSessions.InvocationCountTest" name="some" time="0.002"/>
  <system-out/>
  <testcase classname="SeleniumSessions.InvocationCountTest" name="some" time="0.001"/>
  <system-out/>
  <testcase classname="SeleniumSessions.InvocationCountTest" name="some" time="0.006"/>
  <system-out/>
  <testcase classname="SeleniumSessions.InvocationCountTest" name="some" time="0.002"/>
  <system-out/>
  <testcase classname="SeleniumSessions.InvocationCountTest" name="some" time="0.001"/>
  <system-out/>
  <testcase classname="SeleniumSessions.InvocationCountTest" name="some" time="0.002"/>
  <system-out/>
  <testcase classname="SeleniumSessions.InvocationCountTest" name="some" time="0.004"/>
  <system-out/>
  <testcase classname="SeleniumSessions.InvocationCountTest" name="some" time="0.002"/>
  <system-out/>
</testsuite> <!-- SeleniumSessions.InvocationCountTest -->
