<?xml version="1.0" encoding="UTF-8"?>
<!-- Generated by org.testng.reporters.JUnitReportReporter -->
<testsuite hostname="DESKTOP-1B7KEIJ" failures="0" tests="3" name="TestngTestsLec37" time="11.434" errors="0" timestamp="2021-12-13T13:30:26 IST" skipped="0">
  <testcase classname="TestngTestsLec37" name="launchBrowser" time="3.988"/>
  <system-out/>
  <testcase classname="TestngTestsLec37" name="verifyTitle" time="3.211"/>
  <system-out/>
  <testcase classname="TestngTestsLec37" name="closeBrowser" time="4.235"/>
  <system-out/>
</testsuite> <!-- TestngTestsLec37 -->
