<?xml version="1.0" encoding="UTF-8"?>
<!-- Generated by org.testng.reporters.JUnitReportReporter -->
<testsuite hostname="1SMTKJ2" failures="0" tests="4" name="SDET_DATADRIVEN.DataDrivenTest" time="19.499" errors="0" timestamp="2022-01-30T16:47:10 IST" skipped="0">
  <testcase classname="SDET_DATADRIVEN.DataDrivenTest" name="loginTest" time="14.823"/>
  <system-out/>
  <testcase classname="SDET_DATADRIVEN.DataDrivenTest" name="loginTest" time="1.737"/>
  <system-out/>
  <testcase classname="SDET_DATADRIVEN.DataDrivenTest" name="loginTest" time="1.449"/>
  <system-out/>
  <testcase classname="SDET_DATADRIVEN.DataDrivenTest" name="loginTest" time="1.490"/>
  <system-out/>
</testsuite> <!-- SDET_DATADRIVEN.DataDrivenTest -->
