<?xml version="1.0" encoding="UTF-8"?>
<!-- Generated by org.testng.reporters.JUnitReportReporter -->
<testsuite hostname="DESKTOP-1B7KEIJ" failures="0" tests="3" name="TestNGTestLec37Program4" time="19.772" errors="0" timestamp="2021-12-14T10:21:43 IST" skipped="0">
  <testcase classname="TestNGTestLec37Program4" name="verifyGoogletitle" time="10.930"/>
  <system-out/>
  <testcase classname="TestNGTestLec37Program4" name="verifyYahootitle" time="5.264"/>
  <system-out/>
  <testcase classname="TestNGTestLec37Program4" name="verifyGcreddyadmintitle" time="3.578"/>
  <system-out/>
</testsuite> <!-- TestNGTestLec37Program4 -->
