<?xml version="1.0" encoding="UTF-8"?>
<!-- Generated by org.testng.reporters.JUnitReportReporter -->
<testsuite hostname="1SMTKJ2" failures="0" tests="4" name="SDET_DATADRIVEN.DataDrivenExcelData" time="20.904" errors="0" timestamp="2022-01-30T17:48:01 IST" skipped="0">
  <testcase classname="SDET_DATADRIVEN.DataDrivenExcelData" name="loginTest" time="15.666"/>
  <system-out/>
  <testcase classname="SDET_DATADRIVEN.DataDrivenExcelData" name="loginTest" time="2.140"/>
  <system-out/>
  <testcase classname="SDET_DATADRIVEN.DataDrivenExcelData" name="loginTest" time="1.545"/>
  <system-out/>
  <testcase classname="SDET_DATADRIVEN.DataDrivenExcelData" name="loginTest" time="1.553"/>
  <system-out/>
</testsuite> <!-- SDET_DATADRIVEN.DataDrivenExcelData -->
