<?xml version="1.0" encoding="UTF-8"?>
<!-- Generated by org.testng.reporters.JUnitReportReporter -->
<testsuite hostname="1SMTKJ2" failures="0" tests="3" name="SeleniumSessions.TestNgBasics" time="0.006" errors="0" timestamp="2022-01-29T12:53:05 IST" skipped="0">
  <testcase classname="SeleniumSessions.TestNgBasics" name="searchTest" time="0.003"/>
  <system-out/>
  <testcase classname="SeleniumSessions.TestNgBasics" name="googleTitleTest" time="0.002"/>
  <system-out/>
  <testcase classname="SeleniumSessions.TestNgBasics" name="googlelogoTest" time="0.001"/>
  <system-out/>
</testsuite> <!-- SeleniumSessions.TestNgBasics -->
