<?xml version="1.0" encoding="UTF-8"?>
<!-- Generated by org.testng.reporters.JUnitReportReporter -->
<testsuite hostname="DESKTOP-1B7KEIJ" failures="0" tests="3" name="DataDriven39Part2TestNG" time="10.627" errors="0" timestamp="2021-12-25T18:02:14 IST" skipped="0">
  <testcase classname="DataDriven39Part2TestNG" name="adminLogin" time="1.092"/>
  <system-out/>
  <testcase classname="DataDriven39Part2TestNG" name="adminLogin" time="8.451"/>
  <system-out/>
  <testcase classname="DataDriven39Part2TestNG" name="adminLogin" time="1.084"/>
  <system-out/>
</testsuite> <!-- DataDriven39Part2TestNG -->
