<?xml version="1.0" encoding="UTF-8"?>
<!-- Generated by org.testng.reporters.JUnitReportReporter -->
<testsuite hostname="1SMTKJ2" failures="0" tests="1" name="SeleniumSessions.ParameterTest" time="65.277" errors="0" timestamp="2022-01-29T17:13:17 IST" skipped="0">
  <testcase classname="SeleniumSessions.ParameterTest" name="yahooLoginTest" time="65.277"/>
  <system-out/>
</testsuite> <!-- SeleniumSessions.ParameterTest -->
