<?xml version="1.0" encoding="UTF-8"?>
<!-- Generated by org.testng.reporters.JUnitReportReporter -->
<testsuite hostname="DESKTOP-1B7KEIJ" failures="0" tests="1" name="scripts.TC02" time="9.088" errors="0" timestamp="23 Jan 2022 14:00:34 GMT" skipped="0">
  <testcase classname="scripts.TC02" name="testLogin_Redirect" time="9.088"/>
</testsuite> <!-- scripts.TC02 -->
