<?xml version="1.0" encoding="UTF-8"?>
<!-- Generated by org.testng.reporters.JUnitReportReporter -->
<testsuite hostname="DESKTOP-1B7KEIJ" failures="0" tests="1" name="config.StartBrowser" time="3.465" errors="0" timestamp="30 Dec 2021 14:58:32 GMT" skipped="0">
  <testcase classname="config.StartBrowser" name="launch" time="3.465"/>
</testsuite> <!-- config.StartBrowser -->
