<?xml version="1.0" encoding="UTF-8"?>
<!-- Generated by org.testng.reporters.JUnitReportReporter -->
<testsuite hostname="DESKTOP-1B7KEIJ" failures="0" tests="1" name="scripts.TC01" time="7.620" errors="0" timestamp="03 Jan 2022 12:13:44 GMT" skipped="0">
  <testcase classname="scripts.TC01" name="testLogin" time="7.620"/>
</testsuite> <!-- scripts.TC01 -->
